2026-04-18 10:03:48.128 [main] ERROR o.s.b.diagnostics.LoggingFailureAnalysisReporter - 

***************************
APPLICATION FAILED TO START
***************************

Description:

An attempt was made to call a method that does not exist. The attempt was made from the following location:

    com.alibaba.cloud.nacos.registry.NacosAutoServiceRegistration.<init>(NacosAutoServiceRegistration.java:48)

The following method did not exist:

    'void org.springframework.cloud.client.serviceregistry.AbstractAutoServiceRegistration.<init>(org.springframework.context.ApplicationContext, org.springframework.cloud.client.serviceregistry.ServiceRegistry, org.springframework.cloud.client.serviceregistry.AutoServiceRegistrationProperties)'

The calling method's class, com.alibaba.cloud.nacos.registry.NacosAutoServiceRegistration, was loaded from the following location:

    jar:file:/C:/Users/liwt/.m2/repository/com/alibaba/cloud/spring-cloud-starter-alibaba-nacos-discovery/2025.1.0.0/spring-cloud-starter-alibaba-nacos-discovery-2025.1.0.0.jar!/com/alibaba/cloud/nacos/registry/NacosAutoServiceRegistration.class

The called method's class, org.springframework.cloud.client.serviceregistry.AbstractAutoServiceRegistration, is available from the following locations:

    jar:file:/C:/Users/liwt/.m2/repository/org/springframework/cloud/spring-cloud-commons/4.3.2/spring-cloud-commons-4.3.2.jar!/org/springframework/cloud/client/serviceregistry/AbstractAutoServiceRegistration.class

The called method's class hierarchy was loaded from the following locations:

    org.springframework.cloud.client.serviceregistry.AbstractAutoServiceRegistration: file:/C:/Users/liwt/.m2/repository/org/springframework/cloud/spring-cloud-commons/4.3.2/spring-cloud-commons-4.3.2.jar


Action:

Correct the classpath of your application so that it contains compatible versions of the classes com.alibaba.cloud.nacos.registry.NacosAutoServiceRegistration and org.springframework.cloud.client.serviceregistry.AbstractAutoServiceRegistration

2026-04-18 10:13:46.093 [nacos.publisher-com.alibaba.nacos.common.ability.AbstractAbilityControlManager$AbilityUpdateEvent] ERROR com.alibaba.nacos.common.notify.NotifyCenter - Event listener exception : 
java.lang.InterruptedException
	at java.base/java.util.concurrent.locks.AbstractQueuedSynchronizer$ConditionObject.await(AbstractQueuedSynchronizer.java:1767)
	at java.base/java.util.concurrent.ArrayBlockingQueue.take(ArrayBlockingQueue.java:421)
	at com.alibaba.nacos.common.notify.DefaultPublisher.openEventHandler(DefaultPublisher.java:111)
	at com.alibaba.nacos.common.notify.DefaultPublisher.run(DefaultPublisher.java:95)
2026-04-18 10:13:46.093 [nacos.publisher-com.alibaba.nacos.client.naming.event.NamingFuzzyWatchLoadEvent] ERROR com.alibaba.nacos.common.notify.NotifyCenter - Event listener exception : 
java.lang.InterruptedException
	at java.base/java.util.concurrent.locks.AbstractQueuedSynchronizer$ConditionObject.await(AbstractQueuedSynchronizer.java:1767)
	at java.base/java.util.concurrent.ArrayBlockingQueue.take(ArrayBlockingQueue.java:421)
	at com.alibaba.nacos.common.notify.DefaultPublisher.openEventHandler(DefaultPublisher.java:111)
	at com.alibaba.nacos.common.notify.DefaultPublisher.run(DefaultPublisher.java:95)
2026-04-18 10:13:46.093 [nacos.publisher-com.alibaba.nacos.client.naming.event.NamingFuzzyWatchNotifyEvent] ERROR com.alibaba.nacos.common.notify.NotifyCenter - Event listener exception : 
java.lang.InterruptedException
	at java.base/java.util.concurrent.locks.AbstractQueuedSynchronizer$ConditionObject.await(AbstractQueuedSynchronizer.java:1767)
	at java.base/java.util.concurrent.ArrayBlockingQueue.take(ArrayBlockingQueue.java:421)
	at com.alibaba.nacos.common.notify.DefaultPublisher.openEventHandler(DefaultPublisher.java:111)
	at com.alibaba.nacos.common.notify.DefaultPublisher.run(DefaultPublisher.java:95)
2026-04-18 10:13:46.093 [nacos.publisher-com.alibaba.nacos.client.naming.event.InstancesChangeEvent] ERROR com.alibaba.nacos.common.notify.NotifyCenter - Event listener exception : 
java.lang.InterruptedException
	at java.base/java.util.concurrent.locks.AbstractQueuedSynchronizer$ConditionObject.await(AbstractQueuedSynchronizer.java:1767)
	at java.base/java.util.concurrent.ArrayBlockingQueue.take(ArrayBlockingQueue.java:421)
	at com.alibaba.nacos.common.notify.DefaultPublisher.openEventHandler(DefaultPublisher.java:111)
	at com.alibaba.nacos.common.notify.DefaultPublisher.run(DefaultPublisher.java:95)
2026-04-18 10:13:46.093 [nacos.publisher-com.alibaba.nacos.common.notify.SlowEvent] ERROR com.alibaba.nacos.common.notify.NotifyCenter - Event listener exception : 
java.lang.InterruptedException
	at java.base/java.util.concurrent.locks.AbstractQueuedSynchronizer$ConditionObject.await(AbstractQueuedSynchronizer.java:1767)
	at java.base/java.util.concurrent.ArrayBlockingQueue.take(ArrayBlockingQueue.java:421)
	at com.alibaba.nacos.common.notify.DefaultPublisher.openEventHandler(DefaultPublisher.java:111)
	at com.alibaba.nacos.common.notify.DefaultPublisher.run(DefaultPublisher.java:95)
2026-04-18 10:13:46.102 [SpringApplicationShutdownHook] ERROR c.a.c.nacos.registry.NacosGracefulShutdownDelegate - Error occurred while performing Nacos client graceful shutdown
java.lang.NullPointerException: Cannot read field "sharePublisher" because "com.alibaba.nacos.common.notify.NotifyCenter.INSTANCE" is null
	at com.alibaba.nacos.common.notify.NotifyCenter.deregisterSubscriber(NotifyCenter.java:242)
	at com.alibaba.nacos.client.naming.remote.gprc.NamingGrpcClientProxy.shutdown(NamingGrpcClientProxy.java:537)
	at com.alibaba.nacos.client.naming.remote.NamingClientProxyDelegate.shutdown(NamingClientProxyDelegate.java:212)
	at com.alibaba.nacos.client.naming.NacosNamingService.shutDown(NacosNamingService.java:637)
	at com.alibaba.cloud.nacos.NacosServiceManager.nacosServiceShutDown(NacosServiceManager.java:117)
	at com.alibaba.cloud.nacos.registry.NacosServiceRegistry.close(NacosServiceRegistry.java:120)
	at org.springframework.cloud.client.serviceregistry.AbstractAutoServiceRegistration.stop(AbstractAutoServiceRegistration.java:311)
	at com.alibaba.cloud.nacos.registry.NacosGracefulShutdownDelegate.doGracefulShutdown(NacosGracefulShutdownDelegate.java:69)
	at com.alibaba.cloud.nacos.registry.NacosGracefulShutdownDelegate.onApplicationEvent(NacosGracefulShutdownDelegate.java:64)
	at com.alibaba.cloud.nacos.registry.NacosGracefulShutdownDelegate.onApplicationEvent(NacosGracefulShutdownDelegate.java:34)
	at org.springframework.context.event.SimpleApplicationEventMulticaster.doInvokeListener(SimpleApplicationEventMulticaster.java:185)
	at org.springframework.context.event.SimpleApplicationEventMulticaster.invokeListener(SimpleApplicationEventMulticaster.java:178)
	at org.springframework.context.event.SimpleApplicationEventMulticaster.multicastEvent(SimpleApplicationEventMulticaster.java:156)
	at org.springframework.context.support.AbstractApplicationContext.publishEvent(AbstractApplicationContext.java:455)
	at org.springframework.context.support.AbstractApplicationContext.publishEvent(AbstractApplicationContext.java:388)
	at org.springframework.context.support.AbstractApplicationContext.doClose(AbstractApplicationContext.java:1187)
	at org.springframework.boot.web.reactive.context.ReactiveWebServerApplicationContext.doClose(ReactiveWebServerApplicationContext.java:155)
	at org.springframework.context.support.AbstractApplicationContext.close(AbstractApplicationContext.java:1150)
	at org.springframework.boot.SpringApplicationShutdownHook.closeAndWait(SpringApplicationShutdownHook.java:147)
	at java.base/java.lang.Iterable.forEach(Iterable.java:75)
	at org.springframework.boot.SpringApplicationShutdownHook.run(SpringApplicationShutdownHook.java:116)
	at java.base/java.lang.Thread.run(Thread.java:1516)
