2026-04-22 07:06:55.153 [main] INFO  org.example.user.UserApplication - Starting UserApplication using Java 26 with PID 10704 (D:\workspace\spring-demo\user\user-rest\target\classes started by liwt in D:\workspace\spring-demo\user\user-rest)
2026-04-22 07:06:55.154 [main] INFO  org.example.user.UserApplication - No active profile set, falling back to 1 default profile: "default"
2026-04-22 07:06:55.557 [main] INFO  o.springframework.cloud.context.scope.GenericScope - BeanFactory id=eb8d8b0a-d40d-3781-aeaa-b65ccd7fbf83
2026-04-22 07:06:55.578 [main] INFO  o.s.b.a.logging.ConditionEvaluationReportLogger - 

Error starting ApplicationContext. To display the condition evaluation report re-run your application with 'debug' enabled.
2026-04-22 07:09:32.970 [main] INFO  org.example.user.UserApplication - Starting UserApplication using Java 26 with PID 21796 (D:\workspace\spring-demo\user\user-rest\target\classes started by liwt in D:\workspace\spring-demo\user\user-rest)
2026-04-22 07:09:32.971 [main] INFO  org.example.user.UserApplication - No active profile set, falling back to 1 default profile: "default"
2026-04-22 07:09:33.393 [main] INFO  o.springframework.cloud.context.scope.GenericScope - BeanFactory id=eb8d8b0a-d40d-3781-aeaa-b65ccd7fbf83
2026-04-22 07:09:33.413 [main] INFO  o.s.b.a.logging.ConditionEvaluationReportLogger - 

Error starting ApplicationContext. To display the condition evaluation report re-run your application with 'debug' enabled.
2026-04-22 07:10:40.856 [main] INFO  org.example.user.UserApplication - Starting UserApplication using Java 26 with PID 27232 (D:\workspace\spring-demo\user\user-rest\target\classes started by liwt in D:\workspace\spring-demo\user\user-rest)
2026-04-22 07:10:40.857 [main] INFO  org.example.user.UserApplication - No active profile set, falling back to 1 default profile: "default"
2026-04-22 07:10:41.230 [main] INFO  o.springframework.cloud.context.scope.GenericScope - BeanFactory id=a077e832-88dd-3546-8591-75c88dae0535
2026-04-22 07:10:41.251 [main] INFO  o.s.b.a.logging.ConditionEvaluationReportLogger - 

Error starting ApplicationContext. To display the condition evaluation report re-run your application with 'debug' enabled.
2026-04-22 07:13:55.850 [main] INFO  org.example.user.UserApplication - Starting UserApplication using Java 26 with PID 24672 (D:\workspace\spring-demo\user\user-rest\target\classes started by liwt in D:\workspace\spring-demo\user\user-rest)
2026-04-22 07:13:55.852 [main] INFO  org.example.user.UserApplication - No active profile set, falling back to 1 default profile: "default"
2026-04-22 07:13:56.233 [main] INFO  o.springframework.cloud.context.scope.GenericScope - BeanFactory id=a077e832-88dd-3546-8591-75c88dae0535
2026-04-22 07:13:56.254 [main] INFO  o.s.b.a.logging.ConditionEvaluationReportLogger - 

Error starting ApplicationContext. To display the condition evaluation report re-run your application with 'debug' enabled.
2026-04-22 07:15:01.764 [main] INFO  org.example.user.UserApplication - Starting UserApplication using Java 26 with PID 25628 (D:\workspace\spring-demo\user\user-rest\target\classes started by liwt in D:\workspace\spring-demo\user\user-rest)
2026-04-22 07:15:01.765 [main] INFO  org.example.user.UserApplication - No active profile set, falling back to 1 default profile: "default"
2026-04-22 07:15:02.136 [main] INFO  o.springframework.cloud.context.scope.GenericScope - BeanFactory id=a077e832-88dd-3546-8591-75c88dae0535
2026-04-22 07:15:02.318 [main] INFO  o.s.boot.web.embedded.tomcat.TomcatWebServer - Tomcat initialized with port 8082 (http)
2026-04-22 07:15:02.325 [main] INFO  org.apache.coyote.http11.Http11NioProtocol - Initializing ProtocolHandler ["http-nio-8082"]
2026-04-22 07:15:02.326 [main] INFO  org.apache.catalina.core.StandardService - Starting service [Tomcat]
2026-04-22 07:15:02.326 [main] INFO  org.apache.catalina.core.StandardEngine - Starting Servlet engine: [Apache Tomcat/10.1.53]
2026-04-22 07:15:02.358 [main] INFO  o.a.c.core.ContainerBase.[Tomcat].[localhost].[/] - Initializing Spring embedded WebApplicationContext
2026-04-22 07:15:02.358 [main] INFO  o.s.b.w.s.c.ServletWebServerApplicationContext - Root WebApplicationContext: initialization completed in 577 ms
2026-04-22 07:15:02.552 [main] INFO  org.apache.catalina.core.StandardService - Stopping service [Tomcat]
2026-04-22 07:15:02.616 [main] INFO  o.s.b.a.logging.ConditionEvaluationReportLogger - 

Error starting ApplicationContext. To display the condition evaluation report re-run your application with 'debug' enabled.
2026-04-22 07:17:30.486 [main] INFO  org.example.user.UserApplication - Starting UserApplication using Java 26 with PID 9124 (D:\workspace\spring-demo\user\user-rest\target\classes started by liwt in D:\workspace\spring-demo\user\user-rest)
2026-04-22 07:17:30.486 [main] INFO  org.example.user.UserApplication - No active profile set, falling back to 1 default profile: "default"
2026-04-22 07:17:30.863 [main] INFO  o.springframework.cloud.context.scope.GenericScope - BeanFactory id=a077e832-88dd-3546-8591-75c88dae0535
2026-04-22 07:17:31.022 [main] INFO  o.s.boot.web.embedded.tomcat.TomcatWebServer - Tomcat initialized with port 8082 (http)
2026-04-22 07:17:31.036 [main] INFO  org.apache.coyote.http11.Http11NioProtocol - Initializing ProtocolHandler ["http-nio-8082"]
2026-04-22 07:17:31.037 [main] INFO  org.apache.catalina.core.StandardService - Starting service [Tomcat]
2026-04-22 07:17:31.037 [main] INFO  org.apache.catalina.core.StandardEngine - Starting Servlet engine: [Apache Tomcat/10.1.53]
2026-04-22 07:17:31.069 [main] INFO  o.a.c.core.ContainerBase.[Tomcat].[localhost].[/] - Initializing Spring embedded WebApplicationContext
2026-04-22 07:17:31.069 [main] INFO  o.s.b.w.s.c.ServletWebServerApplicationContext - Root WebApplicationContext: initialization completed in 565 ms
2026-04-22 07:17:31.221 [main] INFO  org.apache.catalina.core.StandardService - Stopping service [Tomcat]
2026-04-22 07:17:31.263 [main] INFO  o.s.b.a.logging.ConditionEvaluationReportLogger - 

Error starting ApplicationContext. To display the condition evaluation report re-run your application with 'debug' enabled.
2026-04-22 07:20:38.249 [main] INFO  org.example.user.UserApplication - Starting UserApplication using Java 26 with PID 20692 (D:\workspace\spring-demo\user\user-rest\target\classes started by liwt in D:\workspace\spring-demo\user\user-rest)
2026-04-22 07:20:38.250 [main] INFO  org.example.user.UserApplication - No active profile set, falling back to 1 default profile: "default"
2026-04-22 07:20:38.626 [main] INFO  o.springframework.cloud.context.scope.GenericScope - BeanFactory id=a077e832-88dd-3546-8591-75c88dae0535
2026-04-22 07:20:38.780 [main] INFO  o.s.boot.web.embedded.tomcat.TomcatWebServer - Tomcat initialized with port 8082 (http)
2026-04-22 07:20:38.795 [main] INFO  org.apache.coyote.http11.Http11NioProtocol - Initializing ProtocolHandler ["http-nio-8082"]
2026-04-22 07:20:38.796 [main] INFO  org.apache.catalina.core.StandardService - Starting service [Tomcat]
2026-04-22 07:20:38.796 [main] INFO  org.apache.catalina.core.StandardEngine - Starting Servlet engine: [Apache Tomcat/10.1.53]
2026-04-22 07:20:38.826 [main] INFO  o.a.c.core.ContainerBase.[Tomcat].[localhost].[/] - Initializing Spring embedded WebApplicationContext
2026-04-22 07:20:38.826 [main] INFO  o.s.b.w.s.c.ServletWebServerApplicationContext - Root WebApplicationContext: initialization completed in 559 ms
2026-04-22 07:20:38.982 [main] INFO  org.apache.catalina.core.StandardService - Stopping service [Tomcat]
2026-04-22 07:20:39.025 [main] INFO  o.s.b.a.logging.ConditionEvaluationReportLogger - 

Error starting ApplicationContext. To display the condition evaluation report re-run your application with 'debug' enabled.
2026-04-22 07:21:22.456 [main] INFO  org.example.user.UserApplication - Starting UserApplication using Java 26 with PID 15480 (D:\workspace\spring-demo\user\user-rest\target\classes started by liwt in D:\workspace\spring-demo\user\user-rest)
2026-04-22 07:21:22.457 [main] INFO  org.example.user.UserApplication - No active profile set, falling back to 1 default profile: "default"
2026-04-22 07:21:22.847 [main] INFO  o.springframework.cloud.context.scope.GenericScope - BeanFactory id=a077e832-88dd-3546-8591-75c88dae0535
2026-04-22 07:21:23.007 [main] INFO  o.s.boot.web.embedded.tomcat.TomcatWebServer - Tomcat initialized with port 8082 (http)
2026-04-22 07:21:23.013 [main] INFO  org.apache.coyote.http11.Http11NioProtocol - Initializing ProtocolHandler ["http-nio-8082"]
2026-04-22 07:21:23.019 [main] INFO  org.apache.catalina.core.StandardService - Starting service [Tomcat]
2026-04-22 07:21:23.019 [main] INFO  org.apache.catalina.core.StandardEngine - Starting Servlet engine: [Apache Tomcat/10.1.53]
2026-04-22 07:21:23.050 [main] INFO  o.a.c.core.ContainerBase.[Tomcat].[localhost].[/] - Initializing Spring embedded WebApplicationContext
2026-04-22 07:21:23.050 [main] INFO  o.s.b.w.s.c.ServletWebServerApplicationContext - Root WebApplicationContext: initialization completed in 576 ms
2026-04-22 07:21:23.118 [main] INFO  org.apache.catalina.core.StandardService - Stopping service [Tomcat]
2026-04-22 07:21:23.155 [main] INFO  o.s.b.a.logging.ConditionEvaluationReportLogger - 

Error starting ApplicationContext. To display the condition evaluation report re-run your application with 'debug' enabled.
2026-04-22 07:23:23.905 [main] INFO  org.example.user.UserApplication - Starting UserApplication using Java 26 with PID 26340 (D:\workspace\spring-demo\user\user-rest\target\classes started by liwt in D:\workspace\spring-demo\user\user-rest)
2026-04-22 07:23:23.906 [main] INFO  org.example.user.UserApplication - No active profile set, falling back to 1 default profile: "default"
2026-04-22 07:23:24.289 [main] INFO  o.springframework.cloud.context.scope.GenericScope - BeanFactory id=a077e832-88dd-3546-8591-75c88dae0535
2026-04-22 07:23:24.448 [main] INFO  o.s.boot.web.embedded.tomcat.TomcatWebServer - Tomcat initialized with port 8082 (http)
2026-04-22 07:23:24.453 [main] INFO  org.apache.coyote.http11.Http11NioProtocol - Initializing ProtocolHandler ["http-nio-8082"]
2026-04-22 07:23:24.454 [main] INFO  org.apache.catalina.core.StandardService - Starting service [Tomcat]
2026-04-22 07:23:24.454 [main] INFO  org.apache.catalina.core.StandardEngine - Starting Servlet engine: [Apache Tomcat/10.1.53]
2026-04-22 07:23:24.490 [main] INFO  o.a.c.core.ContainerBase.[Tomcat].[localhost].[/] - Initializing Spring embedded WebApplicationContext
2026-04-22 07:23:24.491 [main] INFO  o.s.b.w.s.c.ServletWebServerApplicationContext - Root WebApplicationContext: initialization completed in 568 ms
2026-04-22 07:23:24.646 [main] INFO  org.apache.catalina.core.StandardService - Stopping service [Tomcat]
2026-04-22 07:23:24.690 [main] INFO  o.s.b.a.logging.ConditionEvaluationReportLogger - 

Error starting ApplicationContext. To display the condition evaluation report re-run your application with 'debug' enabled.
2026-04-22 07:23:50.388 [main] INFO  org.example.user.UserApplication - Starting UserApplication using Java 26 with PID 25728 (D:\workspace\spring-demo\user\user-rest\target\classes started by liwt in D:\workspace\spring-demo\user\user-rest)
2026-04-22 07:23:50.389 [main] INFO  org.example.user.UserApplication - No active profile set, falling back to 1 default profile: "default"
2026-04-22 07:23:50.760 [main] INFO  o.springframework.cloud.context.scope.GenericScope - BeanFactory id=a077e832-88dd-3546-8591-75c88dae0535
2026-04-22 07:23:50.921 [main] INFO  o.s.boot.web.embedded.tomcat.TomcatWebServer - Tomcat initialized with port 8082 (http)
2026-04-22 07:23:50.927 [main] INFO  org.apache.coyote.http11.Http11NioProtocol - Initializing ProtocolHandler ["http-nio-8082"]
2026-04-22 07:23:50.928 [main] INFO  org.apache.catalina.core.StandardService - Starting service [Tomcat]
2026-04-22 07:23:50.928 [main] INFO  org.apache.catalina.core.StandardEngine - Starting Servlet engine: [Apache Tomcat/10.1.53]
2026-04-22 07:23:50.958 [main] INFO  o.a.c.core.ContainerBase.[Tomcat].[localhost].[/] - Initializing Spring embedded WebApplicationContext
2026-04-22 07:23:50.959 [main] INFO  o.s.b.w.s.c.ServletWebServerApplicationContext - Root WebApplicationContext: initialization completed in 553 ms
2026-04-22 07:23:51.123 [main] INFO  org.apache.catalina.core.StandardService - Stopping service [Tomcat]
2026-04-22 07:23:51.164 [main] INFO  o.s.b.a.logging.ConditionEvaluationReportLogger - 

Error starting ApplicationContext. To display the condition evaluation report re-run your application with 'debug' enabled.
2026-04-22 07:25:26.099 [main] INFO  org.example.user.UserApplication - Starting UserApplication using Java 26 with PID 27360 (D:\workspace\spring-demo\user\user-rest\target\classes started by liwt in D:\workspace\spring-demo\user\user-rest)
2026-04-22 07:25:26.101 [main] INFO  org.example.user.UserApplication - No active profile set, falling back to 1 default profile: "default"
2026-04-22 07:25:26.484 [main] INFO  o.springframework.cloud.context.scope.GenericScope - BeanFactory id=a077e832-88dd-3546-8591-75c88dae0535
2026-04-22 07:25:26.640 [main] INFO  o.s.boot.web.embedded.tomcat.TomcatWebServer - Tomcat initialized with port 8082 (http)
2026-04-22 07:25:26.651 [main] INFO  org.apache.coyote.http11.Http11NioProtocol - Initializing ProtocolHandler ["http-nio-8082"]
2026-04-22 07:25:26.652 [main] INFO  org.apache.catalina.core.StandardService - Starting service [Tomcat]
2026-04-22 07:25:26.652 [main] INFO  org.apache.catalina.core.StandardEngine - Starting Servlet engine: [Apache Tomcat/10.1.53]
2026-04-22 07:25:26.681 [main] INFO  o.a.c.core.ContainerBase.[Tomcat].[localhost].[/] - Initializing Spring embedded WebApplicationContext
2026-04-22 07:25:26.681 [main] INFO  o.s.b.w.s.c.ServletWebServerApplicationContext - Root WebApplicationContext: initialization completed in 563 ms
2026-04-22 07:25:26.836 [main] INFO  org.apache.catalina.core.StandardService - Stopping service [Tomcat]
2026-04-22 07:25:26.879 [main] INFO  o.s.b.a.logging.ConditionEvaluationReportLogger - 

Error starting ApplicationContext. To display the condition evaluation report re-run your application with 'debug' enabled.
2026-04-22 07:25:53.410 [main] INFO  org.example.user.UserApplication - Starting UserApplication using Java 26 with PID 20064 (D:\workspace\spring-demo\user\user-rest\target\classes started by liwt in D:\workspace\spring-demo\user\user-rest)
2026-04-22 07:25:53.411 [main] INFO  org.example.user.UserApplication - No active profile set, falling back to 1 default profile: "default"
2026-04-22 07:25:53.787 [main] INFO  o.springframework.cloud.context.scope.GenericScope - BeanFactory id=a077e832-88dd-3546-8591-75c88dae0535
2026-04-22 07:25:53.991 [main] INFO  o.s.boot.web.embedded.tomcat.TomcatWebServer - Tomcat initialized with port 8082 (http)
2026-04-22 07:25:53.997 [main] INFO  org.apache.coyote.http11.Http11NioProtocol - Initializing ProtocolHandler ["http-nio-8082"]
2026-04-22 07:25:53.998 [main] INFO  org.apache.catalina.core.StandardService - Starting service [Tomcat]
2026-04-22 07:25:53.999 [main] INFO  org.apache.catalina.core.StandardEngine - Starting Servlet engine: [Apache Tomcat/10.1.53]
2026-04-22 07:25:54.029 [main] INFO  o.a.c.core.ContainerBase.[Tomcat].[localhost].[/] - Initializing Spring embedded WebApplicationContext
2026-04-22 07:25:54.029 [main] INFO  o.s.b.w.s.c.ServletWebServerApplicationContext - Root WebApplicationContext: initialization completed in 602 ms
2026-04-22 07:25:54.192 [main] INFO  org.apache.catalina.core.StandardService - Stopping service [Tomcat]
2026-04-22 07:25:54.234 [main] INFO  o.s.b.a.logging.ConditionEvaluationReportLogger - 

Error starting ApplicationContext. To display the condition evaluation report re-run your application with 'debug' enabled.
2026-04-22 07:26:48.306 [main] INFO  org.example.user.UserApplication - Starting UserApplication using Java 26 with PID 25284 (D:\workspace\spring-demo\user\user-rest\target\classes started by liwt in D:\workspace\spring-demo\user\user-rest)
2026-04-22 07:26:48.308 [main] INFO  org.example.user.UserApplication - No active profile set, falling back to 1 default profile: "default"
2026-04-22 07:26:48.691 [main] INFO  o.springframework.cloud.context.scope.GenericScope - BeanFactory id=a077e832-88dd-3546-8591-75c88dae0535
2026-04-22 07:26:48.852 [main] INFO  o.s.boot.web.embedded.tomcat.TomcatWebServer - Tomcat initialized with port 8082 (http)
2026-04-22 07:26:48.857 [main] INFO  org.apache.coyote.http11.Http11NioProtocol - Initializing ProtocolHandler ["http-nio-8082"]
2026-04-22 07:26:48.858 [main] INFO  org.apache.catalina.core.StandardService - Starting service [Tomcat]
2026-04-22 07:26:48.858 [main] INFO  org.apache.catalina.core.StandardEngine - Starting Servlet engine: [Apache Tomcat/10.1.53]
2026-04-22 07:26:48.890 [main] INFO  o.a.c.core.ContainerBase.[Tomcat].[localhost].[/] - Initializing Spring embedded WebApplicationContext
2026-04-22 07:26:48.890 [main] INFO  o.s.b.w.s.c.ServletWebServerApplicationContext - Root WebApplicationContext: initialization completed in 563 ms
2026-04-22 07:26:49.052 [main] INFO  org.apache.catalina.core.StandardService - Stopping service [Tomcat]
2026-04-22 07:26:49.102 [main] INFO  o.s.b.a.logging.ConditionEvaluationReportLogger - 

Error starting ApplicationContext. To display the condition evaluation report re-run your application with 'debug' enabled.
2026-04-22 07:41:27.909 [main] INFO  org.example.user.UserApplication - Starting UserApplication using Java 26 with PID 7368 (D:\workspace\spring-demo\user\user-rest\target\classes started by liwt in D:\workspace\spring-demo\user\user-rest)
2026-04-22 07:41:27.910 [main] INFO  org.example.user.UserApplication - No active profile set, falling back to 1 default profile: "default"
2026-04-22 07:41:28.287 [main] INFO  o.springframework.cloud.context.scope.GenericScope - BeanFactory id=cc3d601b-8260-3613-9ce5-023e3346d0f2
2026-04-22 07:41:28.449 [main] INFO  o.s.boot.web.embedded.tomcat.TomcatWebServer - Tomcat initialized with port 8082 (http)
2026-04-22 07:41:28.454 [main] INFO  org.apache.coyote.http11.Http11NioProtocol - Initializing ProtocolHandler ["http-nio-8082"]
2026-04-22 07:41:28.455 [main] INFO  org.apache.catalina.core.StandardService - Starting service [Tomcat]
2026-04-22 07:41:28.455 [main] INFO  org.apache.catalina.core.StandardEngine - Starting Servlet engine: [Apache Tomcat/10.1.53]
2026-04-22 07:41:28.483 [main] INFO  o.a.c.core.ContainerBase.[Tomcat].[localhost].[/] - Initializing Spring embedded WebApplicationContext
2026-04-22 07:41:28.484 [main] INFO  o.s.b.w.s.c.ServletWebServerApplicationContext - Root WebApplicationContext: initialization completed in 557 ms
2026-04-22 07:41:28.744 [main] INFO  com.alibaba.nacos.client.logging.NacosLogging - Nacos Logging Adapter Builder: com.alibaba.nacos.logger.adapter.logback14.LogbackNacosLoggingAdapterBuilder
2026-04-22 07:41:28.745 [main] INFO  com.alibaba.nacos.client.logging.NacosLogging - Nacos Logging Adapter: com.alibaba.nacos.logger.adapter.logback14.LogbackNacosLoggingAdapter match ch.qos.logback.classic.Logger success.
2026-04-22 07:41:28.747 [main] INFO  com.alibaba.nacos.client.logging.NacosLogging - Nacos Logging Adapter Builder: com.alibaba.nacos.logger.adapter.log4j2.Log4j2NacosLoggingAdapterBuilder
2026-04-22 07:41:28.770 [main] INFO  c.a.n.p.auth.spi.client.ClientAuthPluginManager - [ClientAuthPluginManager] Load ClientAuthService com.alibaba.nacos.client.auth.impl.NacosClientAuthServiceImpl success.
2026-04-22 07:41:28.770 [main] INFO  c.a.n.p.auth.spi.client.ClientAuthPluginManager - [ClientAuthPluginManager] Load ClientAuthService com.alibaba.nacos.client.auth.ram.RamClientAuthServiceImpl success.
2026-04-22 07:41:28.889 [main] INFO  o.s.b.actuate.endpoint.web.EndpointLinksResolver - Exposing 3 endpoints beneath base path '/actuator'
2026-04-22 07:41:28.932 [main] INFO  org.apache.coyote.http11.Http11NioProtocol - Starting ProtocolHandler ["http-nio-8082"]
2026-04-22 07:41:28.942 [main] INFO  o.s.boot.web.embedded.tomcat.TomcatWebServer - Tomcat started on port 8082 (http) with context path '/'
2026-04-22 07:41:28.951 [main] INFO  c.a.n.p.auth.spi.client.ClientAuthPluginManager - [ClientAuthPluginManager] Load ClientAuthService com.alibaba.nacos.client.auth.impl.NacosClientAuthServiceImpl success.
2026-04-22 07:41:28.951 [main] INFO  c.a.n.p.auth.spi.client.ClientAuthPluginManager - [ClientAuthPluginManager] Load ClientAuthService com.alibaba.nacos.client.auth.ram.RamClientAuthServiceImpl success.
2026-04-22 07:41:29.224 [main] INFO  c.a.n.common.ability.AbstractAbilityControlManager - Ready to get current node abilities...
2026-04-22 07:41:29.226 [main] INFO  c.a.n.common.ability.AbstractAbilityControlManager - Ready to initialize current node abilities, support modes: [SDK_CLIENT]
2026-04-22 07:41:29.226 [main] INFO  c.a.n.common.ability.AbstractAbilityControlManager - Initialize current abilities finish...
2026-04-22 07:41:29.226 [main] INFO  c.a.n.c.ability.discover.NacosAbilityManagerHolder - [AbilityControlManager] Successfully initialize AbilityControlManager
2026-04-22 07:41:29.292 [main] INFO  org.apache.coyote.http11.Http11NioProtocol - Stopping ProtocolHandler ["http-nio-8082"]
2026-04-22 07:41:29.343 [main] INFO  o.s.b.a.logging.ConditionEvaluationReportLogger - 

Error starting ApplicationContext. To display the condition evaluation report re-run your application with 'debug' enabled.
2026-04-22 07:41:29.351 [Thread-11] INFO  com.alibaba.nacos.common.notify.NotifyCenter - [NotifyCenter] Start destroying Publisher
2026-04-22 07:41:29.351 [Thread-9] INFO  c.alibaba.nacos.common.http.HttpClientBeanHolder - [HttpClientBeanHolder] Start destroying common HttpClient
2026-04-22 07:41:29.352 [Thread-11] INFO  com.alibaba.nacos.common.notify.NotifyCenter - [NotifyCenter] Completed destruction of Publisher
2026-04-22 07:41:29.352 [Thread-3] INFO  c.alibaba.nacos.common.executor.ThreadPoolManager - [ThreadPoolManager] Start destroying ThreadPool
2026-04-22 07:41:29.352 [Thread-9] INFO  c.alibaba.nacos.common.http.HttpClientBeanHolder - [HttpClientBeanHolder] Completed destruction of HttpClient
2026-04-22 07:42:45.148 [main] INFO  org.example.user.UserApplication - Starting UserApplication using Java 26 with PID 26576 (D:\workspace\spring-demo\user\user-rest\target\classes started by liwt in D:\workspace\spring-demo\user\user-rest)
2026-04-22 07:42:45.149 [main] INFO  org.example.user.UserApplication - No active profile set, falling back to 1 default profile: "default"
2026-04-22 07:42:45.527 [main] INFO  o.springframework.cloud.context.scope.GenericScope - BeanFactory id=cc3d601b-8260-3613-9ce5-023e3346d0f2
2026-04-22 07:42:45.690 [main] INFO  o.s.boot.web.embedded.tomcat.TomcatWebServer - Tomcat initialized with port 8082 (http)
2026-04-22 07:42:45.695 [main] INFO  org.apache.coyote.http11.Http11NioProtocol - Initializing ProtocolHandler ["http-nio-8082"]
2026-04-22 07:42:45.696 [main] INFO  org.apache.catalina.core.StandardService - Starting service [Tomcat]
2026-04-22 07:42:45.696 [main] INFO  org.apache.catalina.core.StandardEngine - Starting Servlet engine: [Apache Tomcat/10.1.53]
2026-04-22 07:42:45.731 [main] INFO  o.a.c.core.ContainerBase.[Tomcat].[localhost].[/] - Initializing Spring embedded WebApplicationContext
2026-04-22 07:42:45.731 [main] INFO  o.s.b.w.s.c.ServletWebServerApplicationContext - Root WebApplicationContext: initialization completed in 565 ms
2026-04-22 07:42:45.989 [main] INFO  com.alibaba.nacos.client.logging.NacosLogging - Nacos Logging Adapter Builder: com.alibaba.nacos.logger.adapter.logback14.LogbackNacosLoggingAdapterBuilder
2026-04-22 07:42:45.990 [main] INFO  com.alibaba.nacos.client.logging.NacosLogging - Nacos Logging Adapter: com.alibaba.nacos.logger.adapter.logback14.LogbackNacosLoggingAdapter match ch.qos.logback.classic.Logger success.
2026-04-22 07:42:45.992 [main] INFO  com.alibaba.nacos.client.logging.NacosLogging - Nacos Logging Adapter Builder: com.alibaba.nacos.logger.adapter.log4j2.Log4j2NacosLoggingAdapterBuilder
2026-04-22 07:42:46.015 [main] INFO  c.a.n.p.auth.spi.client.ClientAuthPluginManager - [ClientAuthPluginManager] Load ClientAuthService com.alibaba.nacos.client.auth.impl.NacosClientAuthServiceImpl success.
2026-04-22 07:42:46.015 [main] INFO  c.a.n.p.auth.spi.client.ClientAuthPluginManager - [ClientAuthPluginManager] Load ClientAuthService com.alibaba.nacos.client.auth.ram.RamClientAuthServiceImpl success.
2026-04-22 07:42:46.133 [main] INFO  o.s.b.actuate.endpoint.web.EndpointLinksResolver - Exposing 3 endpoints beneath base path '/actuator'
2026-04-22 07:42:46.172 [main] INFO  org.apache.coyote.http11.Http11NioProtocol - Starting ProtocolHandler ["http-nio-8082"]
2026-04-22 07:42:46.182 [main] INFO  o.s.boot.web.embedded.tomcat.TomcatWebServer - Tomcat started on port 8082 (http) with context path '/'
2026-04-22 07:42:46.192 [main] INFO  c.a.n.p.auth.spi.client.ClientAuthPluginManager - [ClientAuthPluginManager] Load ClientAuthService com.alibaba.nacos.client.auth.impl.NacosClientAuthServiceImpl success.
2026-04-22 07:42:46.192 [main] INFO  c.a.n.p.auth.spi.client.ClientAuthPluginManager - [ClientAuthPluginManager] Load ClientAuthService com.alibaba.nacos.client.auth.ram.RamClientAuthServiceImpl success.
2026-04-22 07:42:46.464 [main] INFO  c.a.n.common.ability.AbstractAbilityControlManager - Ready to get current node abilities...
2026-04-22 07:42:46.464 [main] INFO  c.a.n.common.ability.AbstractAbilityControlManager - Ready to initialize current node abilities, support modes: [SDK_CLIENT]
2026-04-22 07:42:46.465 [main] INFO  c.a.n.common.ability.AbstractAbilityControlManager - Initialize current abilities finish...
2026-04-22 07:42:46.465 [main] INFO  c.a.n.c.ability.discover.NacosAbilityManagerHolder - [AbilityControlManager] Successfully initialize AbilityControlManager
2026-04-22 07:42:46.510 [main] INFO  org.apache.coyote.http11.Http11NioProtocol - Stopping ProtocolHandler ["http-nio-8082"]
2026-04-22 07:42:46.563 [main] INFO  o.s.b.a.logging.ConditionEvaluationReportLogger - 

Error starting ApplicationContext. To display the condition evaluation report re-run your application with 'debug' enabled.
2026-04-22 07:42:46.571 [Thread-3] INFO  c.alibaba.nacos.common.executor.ThreadPoolManager - [ThreadPoolManager] Start destroying ThreadPool
2026-04-22 07:42:46.571 [Thread-9] INFO  c.alibaba.nacos.common.http.HttpClientBeanHolder - [HttpClientBeanHolder] Start destroying common HttpClient
2026-04-22 07:42:46.571 [Thread-11] INFO  com.alibaba.nacos.common.notify.NotifyCenter - [NotifyCenter] Start destroying Publisher
2026-04-22 07:42:46.571 [Thread-11] INFO  com.alibaba.nacos.common.notify.NotifyCenter - [NotifyCenter] Completed destruction of Publisher
2026-04-22 07:42:46.572 [Thread-3] INFO  c.alibaba.nacos.common.executor.ThreadPoolManager - [ThreadPoolManager] Completed destruction of ThreadPool
2026-04-22 07:42:46.571 [Thread-9] INFO  c.alibaba.nacos.common.http.HttpClientBeanHolder - [HttpClientBeanHolder] Completed destruction of HttpClient
2026-04-22 07:44:00.275 [main] INFO  org.example.user.UserApplication - Starting UserApplication using Java 26 with PID 20376 (D:\workspace\spring-demo\user\user-rest\target\classes started by liwt in D:\workspace\spring-demo\user\user-rest)
2026-04-22 07:44:00.275 [main] INFO  org.example.user.UserApplication - No active profile set, falling back to 1 default profile: "default"
2026-04-22 07:44:00.660 [main] INFO  o.springframework.cloud.context.scope.GenericScope - BeanFactory id=cc3d601b-8260-3613-9ce5-023e3346d0f2
2026-04-22 07:44:00.819 [main] INFO  o.s.boot.web.embedded.tomcat.TomcatWebServer - Tomcat initialized with port 8082 (http)
2026-04-22 07:44:00.825 [main] INFO  org.apache.coyote.http11.Http11NioProtocol - Initializing ProtocolHandler ["http-nio-8082"]
2026-04-22 07:44:00.826 [main] INFO  org.apache.catalina.core.StandardService - Starting service [Tomcat]
2026-04-22 07:44:00.826 [main] INFO  org.apache.catalina.core.StandardEngine - Starting Servlet engine: [Apache Tomcat/10.1.53]
2026-04-22 07:44:00.861 [main] INFO  o.a.c.core.ContainerBase.[Tomcat].[localhost].[/] - Initializing Spring embedded WebApplicationContext
2026-04-22 07:44:00.861 [main] INFO  o.s.b.w.s.c.ServletWebServerApplicationContext - Root WebApplicationContext: initialization completed in 570 ms
2026-04-22 07:44:01.119 [main] INFO  com.alibaba.nacos.client.logging.NacosLogging - Nacos Logging Adapter Builder: com.alibaba.nacos.logger.adapter.logback14.LogbackNacosLoggingAdapterBuilder
2026-04-22 07:44:01.120 [main] INFO  com.alibaba.nacos.client.logging.NacosLogging - Nacos Logging Adapter: com.alibaba.nacos.logger.adapter.logback14.LogbackNacosLoggingAdapter match ch.qos.logback.classic.Logger success.
2026-04-22 07:44:01.122 [main] INFO  com.alibaba.nacos.client.logging.NacosLogging - Nacos Logging Adapter Builder: com.alibaba.nacos.logger.adapter.log4j2.Log4j2NacosLoggingAdapterBuilder
2026-04-22 07:44:01.144 [main] INFO  c.a.n.p.auth.spi.client.ClientAuthPluginManager - [ClientAuthPluginManager] Load ClientAuthService com.alibaba.nacos.client.auth.impl.NacosClientAuthServiceImpl success.
2026-04-22 07:44:01.144 [main] INFO  c.a.n.p.auth.spi.client.ClientAuthPluginManager - [ClientAuthPluginManager] Load ClientAuthService com.alibaba.nacos.client.auth.ram.RamClientAuthServiceImpl success.
2026-04-22 07:44:01.264 [main] INFO  o.s.b.actuate.endpoint.web.EndpointLinksResolver - Exposing 3 endpoints beneath base path '/actuator'
2026-04-22 07:44:01.303 [main] INFO  org.apache.coyote.http11.Http11NioProtocol - Starting ProtocolHandler ["http-nio-8082"]
2026-04-22 07:44:01.314 [main] INFO  o.s.boot.web.embedded.tomcat.TomcatWebServer - Tomcat started on port 8082 (http) with context path '/'
2026-04-22 07:44:01.323 [main] INFO  c.a.n.p.auth.spi.client.ClientAuthPluginManager - [ClientAuthPluginManager] Load ClientAuthService com.alibaba.nacos.client.auth.impl.NacosClientAuthServiceImpl success.
2026-04-22 07:44:01.323 [main] INFO  c.a.n.p.auth.spi.client.ClientAuthPluginManager - [ClientAuthPluginManager] Load ClientAuthService com.alibaba.nacos.client.auth.ram.RamClientAuthServiceImpl success.
2026-04-22 07:44:01.592 [main] INFO  c.a.n.common.ability.AbstractAbilityControlManager - Ready to get current node abilities...
2026-04-22 07:44:01.593 [main] INFO  c.a.n.common.ability.AbstractAbilityControlManager - Ready to initialize current node abilities, support modes: [SDK_CLIENT]
2026-04-22 07:44:01.594 [main] INFO  c.a.n.common.ability.AbstractAbilityControlManager - Initialize current abilities finish...
2026-04-22 07:44:01.594 [main] INFO  c.a.n.c.ability.discover.NacosAbilityManagerHolder - [AbilityControlManager] Successfully initialize AbilityControlManager
2026-04-22 07:44:01.659 [main] INFO  org.apache.coyote.http11.Http11NioProtocol - Stopping ProtocolHandler ["http-nio-8082"]
2026-04-22 07:44:01.710 [main] INFO  o.s.b.a.logging.ConditionEvaluationReportLogger - 

Error starting ApplicationContext. To display the condition evaluation report re-run your application with 'debug' enabled.
2026-04-22 07:44:01.719 [Thread-9] INFO  c.alibaba.nacos.common.http.HttpClientBeanHolder - [HttpClientBeanHolder] Start destroying common HttpClient
2026-04-22 07:44:01.719 [Thread-11] INFO  com.alibaba.nacos.common.notify.NotifyCenter - [NotifyCenter] Start destroying Publisher
2026-04-22 07:44:01.719 [Thread-11] INFO  com.alibaba.nacos.common.notify.NotifyCenter - [NotifyCenter] Completed destruction of Publisher
2026-04-22 07:45:10.489 [main] INFO  org.example.user.UserApplication - Starting UserApplication using Java 26 with PID 9048 (D:\workspace\spring-demo\user\user-rest\target\classes started by liwt in D:\workspace\spring-demo\user\user-rest)
2026-04-22 07:45:10.490 [main] INFO  org.example.user.UserApplication - No active profile set, falling back to 1 default profile: "default"
2026-04-22 07:45:10.868 [main] INFO  o.springframework.cloud.context.scope.GenericScope - BeanFactory id=cc3d601b-8260-3613-9ce5-023e3346d0f2
2026-04-22 07:45:11.028 [main] INFO  o.s.boot.web.embedded.tomcat.TomcatWebServer - Tomcat initialized with port 8082 (http)
2026-04-22 07:45:11.034 [main] INFO  org.apache.coyote.http11.Http11NioProtocol - Initializing ProtocolHandler ["http-nio-8082"]
2026-04-22 07:45:11.035 [main] INFO  org.apache.catalina.core.StandardService - Starting service [Tomcat]
2026-04-22 07:45:11.035 [main] INFO  org.apache.catalina.core.StandardEngine - Starting Servlet engine: [Apache Tomcat/10.1.53]
2026-04-22 07:45:11.064 [main] INFO  o.a.c.core.ContainerBase.[Tomcat].[localhost].[/] - Initializing Spring embedded WebApplicationContext
2026-04-22 07:45:11.064 [main] INFO  o.s.b.w.s.c.ServletWebServerApplicationContext - Root WebApplicationContext: initialization completed in 557 ms
2026-04-22 07:45:11.322 [main] INFO  com.alibaba.nacos.client.logging.NacosLogging - Nacos Logging Adapter Builder: com.alibaba.nacos.logger.adapter.logback14.LogbackNacosLoggingAdapterBuilder
2026-04-22 07:45:11.322 [main] INFO  com.alibaba.nacos.client.logging.NacosLogging - Nacos Logging Adapter: com.alibaba.nacos.logger.adapter.logback14.LogbackNacosLoggingAdapter match ch.qos.logback.classic.Logger success.
2026-04-22 07:45:11.324 [main] INFO  com.alibaba.nacos.client.logging.NacosLogging - Nacos Logging Adapter Builder: com.alibaba.nacos.logger.adapter.log4j2.Log4j2NacosLoggingAdapterBuilder
2026-04-22 07:45:11.347 [main] INFO  c.a.n.p.auth.spi.client.ClientAuthPluginManager - [ClientAuthPluginManager] Load ClientAuthService com.alibaba.nacos.client.auth.impl.NacosClientAuthServiceImpl success.
2026-04-22 07:45:11.347 [main] INFO  c.a.n.p.auth.spi.client.ClientAuthPluginManager - [ClientAuthPluginManager] Load ClientAuthService com.alibaba.nacos.client.auth.ram.RamClientAuthServiceImpl success.
2026-04-22 07:45:11.469 [main] INFO  o.s.b.actuate.endpoint.web.EndpointLinksResolver - Exposing 3 endpoints beneath base path '/actuator'
2026-04-22 07:45:11.506 [main] INFO  org.apache.coyote.http11.Http11NioProtocol - Starting ProtocolHandler ["http-nio-8082"]
2026-04-22 07:45:11.516 [main] INFO  o.s.boot.web.embedded.tomcat.TomcatWebServer - Tomcat started on port 8082 (http) with context path '/'
2026-04-22 07:45:11.525 [main] INFO  c.a.n.p.auth.spi.client.ClientAuthPluginManager - [ClientAuthPluginManager] Load ClientAuthService com.alibaba.nacos.client.auth.impl.NacosClientAuthServiceImpl success.
2026-04-22 07:45:11.525 [main] INFO  c.a.n.p.auth.spi.client.ClientAuthPluginManager - [ClientAuthPluginManager] Load ClientAuthService com.alibaba.nacos.client.auth.ram.RamClientAuthServiceImpl success.
2026-04-22 07:45:11.852 [main] INFO  c.a.n.common.ability.AbstractAbilityControlManager - Ready to get current node abilities...
2026-04-22 07:45:11.853 [main] INFO  c.a.n.common.ability.AbstractAbilityControlManager - Ready to initialize current node abilities, support modes: [SDK_CLIENT]
2026-04-22 07:45:11.854 [main] INFO  c.a.n.common.ability.AbstractAbilityControlManager - Initialize current abilities finish...
2026-04-22 07:45:11.854 [main] INFO  c.a.n.c.ability.discover.NacosAbilityManagerHolder - [AbilityControlManager] Successfully initialize AbilityControlManager
2026-04-22 07:45:11.893 [main] INFO  c.a.cloud.nacos.registry.NacosServiceRegistry - nacos registry, DEFAULT_GROUP user-service 192.168.1.3:8082 register finished
2026-04-22 07:45:11.901 [main] INFO  org.example.user.UserApplication - Started UserApplication in 1.593 seconds (process running for 1.828)
2026-04-22 07:48:00.386 [http-nio-8082-exec-1] INFO  o.a.c.core.ContainerBase.[Tomcat].[localhost].[/] - Initializing Spring DispatcherServlet 'dispatcherServlet'
2026-04-22 07:48:00.386 [http-nio-8082-exec-1] INFO  org.springframework.web.servlet.DispatcherServlet - Initializing Servlet 'dispatcherServlet'
2026-04-22 07:48:00.395 [http-nio-8082-exec-1] INFO  org.springframework.web.servlet.DispatcherServlet - Completed initialization in 9 ms
2026-04-22 07:50:15.129 [Thread-9] INFO  c.alibaba.nacos.common.http.HttpClientBeanHolder - [HttpClientBeanHolder] Start destroying common HttpClient
2026-04-22 07:50:15.129 [Thread-11] INFO  com.alibaba.nacos.common.notify.NotifyCenter - [NotifyCenter] Start destroying Publisher
2026-04-22 07:50:15.130 [Thread-3] INFO  c.alibaba.nacos.common.executor.ThreadPoolManager - [ThreadPoolManager] Start destroying ThreadPool
2026-04-22 07:50:15.130 [Thread-11] INFO  com.alibaba.nacos.common.notify.NotifyCenter - [NotifyCenter] Completed destruction of Publisher
2026-04-22 07:50:15.130 [Thread-3] INFO  c.alibaba.nacos.common.executor.ThreadPoolManager - [ThreadPoolManager] Completed destruction of ThreadPool
2026-04-22 07:50:15.130 [Thread-9] INFO  c.alibaba.nacos.common.http.HttpClientBeanHolder - [HttpClientBeanHolder] Completed destruction of HttpClient
2026-04-22 07:50:15.131 [SpringApplicationShutdownHook] INFO  c.a.cloud.nacos.registry.NacosServiceRegistry - De-registering from Nacos Server now...
2026-04-22 07:50:15.136 [SpringApplicationShutdownHook] INFO  c.a.cloud.nacos.registry.NacosServiceRegistry - De-registration finished.
2026-04-22 07:50:15.139 [SpringApplicationShutdownHook] INFO  o.s.boot.web.embedded.tomcat.GracefulShutdown - Commencing graceful shutdown. Waiting for active requests to complete
2026-04-22 07:50:15.142 [tomcat-shutdown] INFO  o.s.boot.web.embedded.tomcat.GracefulShutdown - Graceful shutdown complete
2026-04-22 07:50:20.995 [main] INFO  org.example.user.UserApplication - Starting UserApplication using Java 26 with PID 21512 (D:\workspace\spring-demo\user\user-rest\target\classes started by liwt in D:\workspace\spring-demo\user\user-rest)
2026-04-22 07:50:20.996 [main] INFO  org.example.user.UserApplication - No active profile set, falling back to 1 default profile: "default"
2026-04-22 07:50:21.394 [main] INFO  o.springframework.cloud.context.scope.GenericScope - BeanFactory id=e55bdb3e-1c19-3017-baf1-cdd355218663
2026-04-22 07:50:21.554 [main] INFO  o.s.boot.web.embedded.tomcat.TomcatWebServer - Tomcat initialized with port 8082 (http)
2026-04-22 07:50:21.559 [main] INFO  org.apache.coyote.http11.Http11NioProtocol - Initializing ProtocolHandler ["http-nio-8082"]
2026-04-22 07:50:21.560 [main] INFO  org.apache.catalina.core.StandardService - Starting service [Tomcat]
2026-04-22 07:50:21.560 [main] INFO  org.apache.catalina.core.StandardEngine - Starting Servlet engine: [Apache Tomcat/10.1.53]
2026-04-22 07:50:21.600 [main] INFO  o.a.c.core.ContainerBase.[Tomcat].[localhost].[/] - Initializing Spring embedded WebApplicationContext
2026-04-22 07:50:21.600 [main] INFO  o.s.b.w.s.c.ServletWebServerApplicationContext - Root WebApplicationContext: initialization completed in 586 ms
2026-04-22 07:50:21.853 [main] INFO  com.alibaba.nacos.client.logging.NacosLogging - Nacos Logging Adapter Builder: com.alibaba.nacos.logger.adapter.logback14.LogbackNacosLoggingAdapterBuilder
2026-04-22 07:50:21.854 [main] INFO  com.alibaba.nacos.client.logging.NacosLogging - Nacos Logging Adapter: com.alibaba.nacos.logger.adapter.logback14.LogbackNacosLoggingAdapter match ch.qos.logback.classic.Logger success.
2026-04-22 07:50:21.856 [main] INFO  com.alibaba.nacos.client.logging.NacosLogging - Nacos Logging Adapter Builder: com.alibaba.nacos.logger.adapter.log4j2.Log4j2NacosLoggingAdapterBuilder
2026-04-22 07:50:21.879 [main] INFO  c.a.n.p.auth.spi.client.ClientAuthPluginManager - [ClientAuthPluginManager] Load ClientAuthService com.alibaba.nacos.client.auth.impl.NacosClientAuthServiceImpl success.
2026-04-22 07:50:21.879 [main] INFO  c.a.n.p.auth.spi.client.ClientAuthPluginManager - [ClientAuthPluginManager] Load ClientAuthService com.alibaba.nacos.client.auth.ram.RamClientAuthServiceImpl success.
2026-04-22 07:50:22.014 [main] INFO  o.s.b.actuate.endpoint.web.EndpointLinksResolver - Exposing 19 endpoints beneath base path '/actuator'
2026-04-22 07:50:22.054 [main] INFO  org.apache.coyote.http11.Http11NioProtocol - Starting ProtocolHandler ["http-nio-8082"]
2026-04-22 07:50:22.064 [main] INFO  o.s.boot.web.embedded.tomcat.TomcatWebServer - Tomcat started on port 8082 (http) with context path '/'
2026-04-22 07:50:22.076 [main] INFO  c.a.n.p.auth.spi.client.ClientAuthPluginManager - [ClientAuthPluginManager] Load ClientAuthService com.alibaba.nacos.client.auth.impl.NacosClientAuthServiceImpl success.
2026-04-22 07:50:22.076 [main] INFO  c.a.n.p.auth.spi.client.ClientAuthPluginManager - [ClientAuthPluginManager] Load ClientAuthService com.alibaba.nacos.client.auth.ram.RamClientAuthServiceImpl success.
2026-04-22 07:50:22.394 [main] INFO  c.a.n.common.ability.AbstractAbilityControlManager - Ready to get current node abilities...
2026-04-22 07:50:22.395 [main] INFO  c.a.n.common.ability.AbstractAbilityControlManager - Ready to initialize current node abilities, support modes: [SDK_CLIENT]
2026-04-22 07:50:22.395 [main] INFO  c.a.n.common.ability.AbstractAbilityControlManager - Initialize current abilities finish...
2026-04-22 07:50:22.396 [main] INFO  c.a.n.c.ability.discover.NacosAbilityManagerHolder - [AbilityControlManager] Successfully initialize AbilityControlManager
2026-04-22 07:50:22.437 [main] INFO  c.a.cloud.nacos.registry.NacosServiceRegistry - nacos registry, DEFAULT_GROUP user-service 192.168.1.3:8082 register finished
2026-04-22 07:50:22.445 [main] INFO  org.example.user.UserApplication - Started UserApplication in 1.633 seconds (process running for 1.871)
2026-04-22 07:52:00.145 [http-nio-8082-exec-1] INFO  o.a.c.core.ContainerBase.[Tomcat].[localhost].[/] - Initializing Spring DispatcherServlet 'dispatcherServlet'
2026-04-22 07:52:00.145 [http-nio-8082-exec-1] INFO  org.springframework.web.servlet.DispatcherServlet - Initializing Servlet 'dispatcherServlet'
2026-04-22 07:52:00.145 [http-nio-8082-exec-1] INFO  org.springframework.web.servlet.DispatcherServlet - Completed initialization in 0 ms
2026-04-22 07:56:10.164 [Thread-3] INFO  c.alibaba.nacos.common.executor.ThreadPoolManager - [ThreadPoolManager] Start destroying ThreadPool
2026-04-22 07:56:10.164 [Thread-11] INFO  com.alibaba.nacos.common.notify.NotifyCenter - [NotifyCenter] Start destroying Publisher
2026-04-22 07:56:10.164 [Thread-9] INFO  c.alibaba.nacos.common.http.HttpClientBeanHolder - [HttpClientBeanHolder] Start destroying common HttpClient
2026-04-22 07:56:10.164 [Thread-11] INFO  com.alibaba.nacos.common.notify.NotifyCenter - [NotifyCenter] Completed destruction of Publisher
2026-04-22 07:56:10.164 [Thread-3] INFO  c.alibaba.nacos.common.executor.ThreadPoolManager - [ThreadPoolManager] Completed destruction of ThreadPool
2026-04-22 07:56:10.164 [Thread-9] INFO  c.alibaba.nacos.common.http.HttpClientBeanHolder - [HttpClientBeanHolder] Completed destruction of HttpClient
2026-04-22 07:56:10.165 [SpringApplicationShutdownHook] INFO  c.a.cloud.nacos.registry.NacosServiceRegistry - De-registering from Nacos Server now...
2026-04-22 07:56:10.168 [SpringApplicationShutdownHook] INFO  c.a.cloud.nacos.registry.NacosServiceRegistry - De-registration finished.
2026-04-22 07:56:10.171 [SpringApplicationShutdownHook] INFO  o.s.boot.web.embedded.tomcat.GracefulShutdown - Commencing graceful shutdown. Waiting for active requests to complete
2026-04-22 07:56:10.174 [tomcat-shutdown] INFO  o.s.boot.web.embedded.tomcat.GracefulShutdown - Graceful shutdown complete
2026-04-22 07:57:09.349 [main] INFO  org.example.user.UserApplication - Starting UserApplication using Java 26 with PID 26916 (D:\workspace\spring-demo\user\user-rest\target\classes started by liwt in D:\workspace\spring-demo\user\user-rest)
2026-04-22 07:57:09.350 [main] INFO  org.example.user.UserApplication - No active profile set, falling back to 1 default profile: "default"
2026-04-22 07:57:09.733 [main] INFO  o.springframework.cloud.context.scope.GenericScope - BeanFactory id=ddf3c30c-f5b3-318f-bcb7-30a29fec7ac0
2026-04-22 07:57:09.889 [main] INFO  o.s.boot.web.embedded.tomcat.TomcatWebServer - Tomcat initialized with port 8082 (http)
2026-04-22 07:57:09.894 [main] INFO  org.apache.coyote.http11.Http11NioProtocol - Initializing ProtocolHandler ["http-nio-8082"]
2026-04-22 07:57:09.900 [main] INFO  org.apache.catalina.core.StandardService - Starting service [Tomcat]
2026-04-22 07:57:09.901 [main] INFO  org.apache.catalina.core.StandardEngine - Starting Servlet engine: [Apache Tomcat/10.1.53]
2026-04-22 07:57:09.929 [main] INFO  o.a.c.core.ContainerBase.[Tomcat].[localhost].[/] - Initializing Spring embedded WebApplicationContext
2026-04-22 07:57:09.930 [main] INFO  o.s.b.w.s.c.ServletWebServerApplicationContext - Root WebApplicationContext: initialization completed in 563 ms
2026-04-22 07:57:10.178 [main] INFO  com.alibaba.nacos.client.logging.NacosLogging - Nacos Logging Adapter Builder: com.alibaba.nacos.logger.adapter.logback14.LogbackNacosLoggingAdapterBuilder
2026-04-22 07:57:10.179 [main] INFO  com.alibaba.nacos.client.logging.NacosLogging - Nacos Logging Adapter: com.alibaba.nacos.logger.adapter.logback14.LogbackNacosLoggingAdapter match ch.qos.logback.classic.Logger success.
2026-04-22 07:57:10.181 [main] INFO  com.alibaba.nacos.client.logging.NacosLogging - Nacos Logging Adapter Builder: com.alibaba.nacos.logger.adapter.log4j2.Log4j2NacosLoggingAdapterBuilder
2026-04-22 07:57:10.203 [main] INFO  c.a.n.p.auth.spi.client.ClientAuthPluginManager - [ClientAuthPluginManager] Load ClientAuthService com.alibaba.nacos.client.auth.impl.NacosClientAuthServiceImpl success.
2026-04-22 07:57:10.203 [main] INFO  c.a.n.p.auth.spi.client.ClientAuthPluginManager - [ClientAuthPluginManager] Load ClientAuthService com.alibaba.nacos.client.auth.ram.RamClientAuthServiceImpl success.
2026-04-22 07:57:10.324 [main] INFO  o.s.b.actuate.endpoint.web.EndpointLinksResolver - Exposing 4 endpoints beneath base path '/actuator'
2026-04-22 07:57:10.365 [main] INFO  org.apache.coyote.http11.Http11NioProtocol - Starting ProtocolHandler ["http-nio-8082"]
2026-04-22 07:57:10.375 [main] INFO  o.s.boot.web.embedded.tomcat.TomcatWebServer - Tomcat started on port 8082 (http) with context path '/'
2026-04-22 07:57:10.384 [main] INFO  c.a.n.p.auth.spi.client.ClientAuthPluginManager - [ClientAuthPluginManager] Load ClientAuthService com.alibaba.nacos.client.auth.impl.NacosClientAuthServiceImpl success.
2026-04-22 07:57:10.384 [main] INFO  c.a.n.p.auth.spi.client.ClientAuthPluginManager - [ClientAuthPluginManager] Load ClientAuthService com.alibaba.nacos.client.auth.ram.RamClientAuthServiceImpl success.
2026-04-22 07:57:10.709 [main] INFO  c.a.n.common.ability.AbstractAbilityControlManager - Ready to get current node abilities...
2026-04-22 07:57:10.710 [main] INFO  c.a.n.common.ability.AbstractAbilityControlManager - Ready to initialize current node abilities, support modes: [SDK_CLIENT]
2026-04-22 07:57:10.710 [main] INFO  c.a.n.common.ability.AbstractAbilityControlManager - Initialize current abilities finish...
2026-04-22 07:57:10.711 [main] INFO  c.a.n.c.ability.discover.NacosAbilityManagerHolder - [AbilityControlManager] Successfully initialize AbilityControlManager
2026-04-22 07:57:10.753 [main] INFO  c.a.cloud.nacos.registry.NacosServiceRegistry - nacos registry, DEFAULT_GROUP user-service 192.168.1.3:8082 register finished
2026-04-22 07:57:10.761 [main] INFO  org.example.user.UserApplication - Started UserApplication in 1.623 seconds (process running for 1.86)
2026-04-22 07:58:08.377 [http-nio-8082-exec-1] INFO  o.a.c.core.ContainerBase.[Tomcat].[localhost].[/] - Initializing Spring DispatcherServlet 'dispatcherServlet'
2026-04-22 07:58:08.377 [http-nio-8082-exec-1] INFO  org.springframework.web.servlet.DispatcherServlet - Initializing Servlet 'dispatcherServlet'
2026-04-22 07:58:08.378 [http-nio-8082-exec-1] INFO  org.springframework.web.servlet.DispatcherServlet - Completed initialization in 1 ms
2026-04-22 08:08:55.530 [Thread-11] INFO  com.alibaba.nacos.common.notify.NotifyCenter - [NotifyCenter] Start destroying Publisher
2026-04-22 08:08:55.530 [Thread-9] INFO  c.alibaba.nacos.common.http.HttpClientBeanHolder - [HttpClientBeanHolder] Start destroying common HttpClient
2026-04-22 08:08:55.530 [Thread-3] INFO  c.alibaba.nacos.common.executor.ThreadPoolManager - [ThreadPoolManager] Start destroying ThreadPool
2026-04-22 08:08:55.530 [Thread-11] INFO  com.alibaba.nacos.common.notify.NotifyCenter - [NotifyCenter] Completed destruction of Publisher
2026-04-22 08:08:55.531 [Thread-9] INFO  c.alibaba.nacos.common.http.HttpClientBeanHolder - [HttpClientBeanHolder] Completed destruction of HttpClient
2026-04-22 08:08:55.531 [Thread-3] INFO  c.alibaba.nacos.common.executor.ThreadPoolManager - [ThreadPoolManager] Completed destruction of ThreadPool
2026-04-22 08:08:55.532 [SpringApplicationShutdownHook] INFO  c.a.cloud.nacos.registry.NacosServiceRegistry - De-registering from Nacos Server now...
2026-04-22 08:08:55.536 [SpringApplicationShutdownHook] INFO  c.a.cloud.nacos.registry.NacosServiceRegistry - De-registration finished.
2026-04-22 08:08:55.542 [SpringApplicationShutdownHook] INFO  o.s.boot.web.embedded.tomcat.GracefulShutdown - Commencing graceful shutdown. Waiting for active requests to complete
2026-04-22 08:08:55.545 [tomcat-shutdown] INFO  o.s.boot.web.embedded.tomcat.GracefulShutdown - Graceful shutdown complete
2026-04-22 08:09:02.863 [main] INFO  org.example.user.UserApplication - Starting UserApplication using Java 26 with PID 24304 (D:\workspace\spring-demo\user\user-rest\target\classes started by liwt in D:\workspace\spring-demo\user\user-rest)
2026-04-22 08:09:02.864 [main] INFO  org.example.user.UserApplication - No active profile set, falling back to 1 default profile: "default"
2026-04-22 08:09:03.241 [main] INFO  o.springframework.cloud.context.scope.GenericScope - BeanFactory id=ddf3c30c-f5b3-318f-bcb7-30a29fec7ac0
2026-04-22 08:09:03.401 [main] INFO  o.s.boot.web.embedded.tomcat.TomcatWebServer - Tomcat initialized with port 8082 (http)
2026-04-22 08:09:03.406 [main] INFO  org.apache.coyote.http11.Http11NioProtocol - Initializing ProtocolHandler ["http-nio-8082"]
2026-04-22 08:09:03.407 [main] INFO  org.apache.catalina.core.StandardService - Starting service [Tomcat]
2026-04-22 08:09:03.407 [main] INFO  org.apache.catalina.core.StandardEngine - Starting Servlet engine: [Apache Tomcat/10.1.53]
2026-04-22 08:09:03.435 [main] INFO  o.a.c.core.ContainerBase.[Tomcat].[localhost].[/] - Initializing Spring embedded WebApplicationContext
2026-04-22 08:09:03.435 [main] INFO  o.s.b.w.s.c.ServletWebServerApplicationContext - Root WebApplicationContext: initialization completed in 553 ms
2026-04-22 08:09:03.700 [main] INFO  com.alibaba.nacos.client.logging.NacosLogging - Nacos Logging Adapter Builder: com.alibaba.nacos.logger.adapter.logback14.LogbackNacosLoggingAdapterBuilder
2026-04-22 08:09:03.702 [main] INFO  com.alibaba.nacos.client.logging.NacosLogging - Nacos Logging Adapter: com.alibaba.nacos.logger.adapter.logback14.LogbackNacosLoggingAdapter match ch.qos.logback.classic.Logger success.
2026-04-22 08:09:03.703 [main] INFO  com.alibaba.nacos.client.logging.NacosLogging - Nacos Logging Adapter Builder: com.alibaba.nacos.logger.adapter.log4j2.Log4j2NacosLoggingAdapterBuilder
2026-04-22 08:09:03.726 [main] INFO  c.a.n.p.auth.spi.client.ClientAuthPluginManager - [ClientAuthPluginManager] Load ClientAuthService com.alibaba.nacos.client.auth.impl.NacosClientAuthServiceImpl success.
2026-04-22 08:09:03.726 [main] INFO  c.a.n.p.auth.spi.client.ClientAuthPluginManager - [ClientAuthPluginManager] Load ClientAuthService com.alibaba.nacos.client.auth.ram.RamClientAuthServiceImpl success.
2026-04-22 08:09:03.846 [main] INFO  o.s.b.actuate.endpoint.web.EndpointLinksResolver - Exposing 4 endpoints beneath base path '/actuator'
2026-04-22 08:09:03.884 [main] INFO  org.apache.coyote.http11.Http11NioProtocol - Starting ProtocolHandler ["http-nio-8082"]
2026-04-22 08:09:03.894 [main] INFO  o.s.boot.web.embedded.tomcat.TomcatWebServer - Tomcat started on port 8082 (http) with context path '/'
2026-04-22 08:09:03.903 [main] INFO  c.a.n.p.auth.spi.client.ClientAuthPluginManager - [ClientAuthPluginManager] Load ClientAuthService com.alibaba.nacos.client.auth.impl.NacosClientAuthServiceImpl success.
2026-04-22 08:09:03.903 [main] INFO  c.a.n.p.auth.spi.client.ClientAuthPluginManager - [ClientAuthPluginManager] Load ClientAuthService com.alibaba.nacos.client.auth.ram.RamClientAuthServiceImpl success.
2026-04-22 08:09:04.227 [main] INFO  c.a.n.common.ability.AbstractAbilityControlManager - Ready to get current node abilities...
2026-04-22 08:09:04.228 [main] INFO  c.a.n.common.ability.AbstractAbilityControlManager - Ready to initialize current node abilities, support modes: [SDK_CLIENT]
2026-04-22 08:09:04.228 [main] INFO  c.a.n.common.ability.AbstractAbilityControlManager - Initialize current abilities finish...
2026-04-22 08:09:04.228 [main] INFO  c.a.n.c.ability.discover.NacosAbilityManagerHolder - [AbilityControlManager] Successfully initialize AbilityControlManager
2026-04-22 08:09:04.269 [main] INFO  c.a.cloud.nacos.registry.NacosServiceRegistry - nacos registry, DEFAULT_GROUP user-service 192.168.1.3:8082 register finished
2026-04-22 08:09:04.276 [main] INFO  org.example.user.UserApplication - Started UserApplication in 1.595 seconds (process running for 1.831)
2026-04-22 08:10:54.075 [http-nio-8082-exec-1] INFO  o.a.c.core.ContainerBase.[Tomcat].[localhost].[/] - Initializing Spring DispatcherServlet 'dispatcherServlet'
2026-04-22 08:10:54.076 [http-nio-8082-exec-1] INFO  org.springframework.web.servlet.DispatcherServlet - Initializing Servlet 'dispatcherServlet'
2026-04-22 08:10:54.076 [http-nio-8082-exec-1] INFO  org.springframework.web.servlet.DispatcherServlet - Completed initialization in 0 ms
2026-04-22 08:28:11.587 [Thread-11] INFO  com.alibaba.nacos.common.notify.NotifyCenter - [NotifyCenter] Start destroying Publisher
2026-04-22 08:28:11.588 [Thread-9] INFO  c.alibaba.nacos.common.http.HttpClientBeanHolder - [HttpClientBeanHolder] Start destroying common HttpClient
2026-04-22 08:28:11.588 [Thread-3] INFO  c.alibaba.nacos.common.executor.ThreadPoolManager - [ThreadPoolManager] Start destroying ThreadPool
2026-04-22 08:28:11.588 [Thread-11] INFO  com.alibaba.nacos.common.notify.NotifyCenter - [NotifyCenter] Completed destruction of Publisher
2026-04-22 08:28:11.588 [Thread-3] INFO  c.alibaba.nacos.common.executor.ThreadPoolManager - [ThreadPoolManager] Completed destruction of ThreadPool
2026-04-22 08:28:11.590 [Thread-9] INFO  c.alibaba.nacos.common.http.HttpClientBeanHolder - [HttpClientBeanHolder] Completed destruction of HttpClient
2026-04-22 08:28:11.591 [SpringApplicationShutdownHook] INFO  c.a.cloud.nacos.registry.NacosServiceRegistry - De-registering from Nacos Server now...
2026-04-22 08:28:11.599 [SpringApplicationShutdownHook] INFO  c.a.cloud.nacos.registry.NacosServiceRegistry - De-registration finished.
2026-04-22 08:28:11.602 [SpringApplicationShutdownHook] INFO  o.s.boot.web.embedded.tomcat.GracefulShutdown - Commencing graceful shutdown. Waiting for active requests to complete
2026-04-22 08:28:11.605 [tomcat-shutdown] INFO  o.s.boot.web.embedded.tomcat.GracefulShutdown - Graceful shutdown complete
2026-04-22 08:28:18.566 [main] INFO  org.example.user.UserApplication - Starting UserApplication using Java 26 with PID 18192 (D:\workspace\spring-demo\user\user-rest\target\classes started by liwt in D:\workspace\spring-demo\user\user-rest)
2026-04-22 08:28:18.567 [main] INFO  org.example.user.UserApplication - No active profile set, falling back to 1 default profile: "default"
2026-04-22 08:28:18.945 [main] INFO  o.springframework.cloud.context.scope.GenericScope - BeanFactory id=ddf3c30c-f5b3-318f-bcb7-30a29fec7ac0
2026-04-22 08:28:19.111 [main] INFO  o.s.boot.web.embedded.tomcat.TomcatWebServer - Tomcat initialized with port 8082 (http)
2026-04-22 08:28:19.116 [main] INFO  org.apache.coyote.http11.Http11NioProtocol - Initializing ProtocolHandler ["http-nio-8082"]
2026-04-22 08:28:19.117 [main] INFO  org.apache.catalina.core.StandardService - Starting service [Tomcat]
2026-04-22 08:28:19.117 [main] INFO  org.apache.catalina.core.StandardEngine - Starting Servlet engine: [Apache Tomcat/10.1.53]
2026-04-22 08:28:19.148 [main] INFO  o.a.c.core.ContainerBase.[Tomcat].[localhost].[/] - Initializing Spring embedded WebApplicationContext
2026-04-22 08:28:19.148 [main] INFO  o.s.b.w.s.c.ServletWebServerApplicationContext - Root WebApplicationContext: initialization completed in 565 ms
2026-04-22 08:28:19.419 [main] INFO  com.alibaba.nacos.client.logging.NacosLogging - Nacos Logging Adapter Builder: com.alibaba.nacos.logger.adapter.logback14.LogbackNacosLoggingAdapterBuilder
2026-04-22 08:28:19.420 [main] INFO  com.alibaba.nacos.client.logging.NacosLogging - Nacos Logging Adapter: com.alibaba.nacos.logger.adapter.logback14.LogbackNacosLoggingAdapter match ch.qos.logback.classic.Logger success.
2026-04-22 08:28:19.422 [main] INFO  com.alibaba.nacos.client.logging.NacosLogging - Nacos Logging Adapter Builder: com.alibaba.nacos.logger.adapter.log4j2.Log4j2NacosLoggingAdapterBuilder
2026-04-22 08:28:19.445 [main] INFO  c.a.n.p.auth.spi.client.ClientAuthPluginManager - [ClientAuthPluginManager] Load ClientAuthService com.alibaba.nacos.client.auth.impl.NacosClientAuthServiceImpl success.
2026-04-22 08:28:19.445 [main] INFO  c.a.n.p.auth.spi.client.ClientAuthPluginManager - [ClientAuthPluginManager] Load ClientAuthService com.alibaba.nacos.client.auth.ram.RamClientAuthServiceImpl success.
2026-04-22 08:28:19.572 [main] INFO  o.s.b.actuate.endpoint.web.EndpointLinksResolver - Exposing 4 endpoints beneath base path '/actuator'
2026-04-22 08:28:19.611 [main] INFO  org.apache.coyote.http11.Http11NioProtocol - Starting ProtocolHandler ["http-nio-8082"]
2026-04-22 08:28:19.622 [main] INFO  o.s.boot.web.embedded.tomcat.TomcatWebServer - Tomcat started on port 8082 (http) with context path '/'
2026-04-22 08:28:19.631 [main] INFO  c.a.n.p.auth.spi.client.ClientAuthPluginManager - [ClientAuthPluginManager] Load ClientAuthService com.alibaba.nacos.client.auth.impl.NacosClientAuthServiceImpl success.
2026-04-22 08:28:19.631 [main] INFO  c.a.n.p.auth.spi.client.ClientAuthPluginManager - [ClientAuthPluginManager] Load ClientAuthService com.alibaba.nacos.client.auth.ram.RamClientAuthServiceImpl success.
2026-04-22 08:28:19.957 [main] INFO  c.a.n.common.ability.AbstractAbilityControlManager - Ready to get current node abilities...
2026-04-22 08:28:19.957 [main] INFO  c.a.n.common.ability.AbstractAbilityControlManager - Ready to initialize current node abilities, support modes: [SDK_CLIENT]
2026-04-22 08:28:19.958 [main] INFO  c.a.n.common.ability.AbstractAbilityControlManager - Initialize current abilities finish...
2026-04-22 08:28:19.958 [main] INFO  c.a.n.c.ability.discover.NacosAbilityManagerHolder - [AbilityControlManager] Successfully initialize AbilityControlManager
2026-04-22 08:28:20.000 [main] INFO  c.a.cloud.nacos.registry.NacosServiceRegistry - nacos registry, DEFAULT_GROUP user-service 192.168.1.3:8082 register finished
2026-04-22 08:28:20.008 [main] INFO  org.example.user.UserApplication - Started UserApplication in 1.621 seconds (process running for 1.865)
2026-04-22 08:28:22.205 [http-nio-8082-exec-1] INFO  o.a.c.core.ContainerBase.[Tomcat].[localhost].[/] - Initializing Spring DispatcherServlet 'dispatcherServlet'
2026-04-22 08:28:22.206 [http-nio-8082-exec-1] INFO  org.springframework.web.servlet.DispatcherServlet - Initializing Servlet 'dispatcherServlet'
2026-04-22 08:28:22.206 [http-nio-8082-exec-1] INFO  org.springframework.web.servlet.DispatcherServlet - Completed initialization in 0 ms
2026-04-22 08:31:34.057 [http-nio-8082-exec-9] INFO  com.zaxxer.hikari.HikariDataSource - HikariPool-1 - Starting...
2026-04-22 08:31:34.292 [http-nio-8082-exec-9] INFO  com.zaxxer.hikari.pool.HikariPool - HikariPool-1 - Added connection com.mysql.cj.jdbc.ConnectionImpl@7fac692a
2026-04-22 08:31:34.292 [http-nio-8082-exec-9] INFO  com.zaxxer.hikari.HikariDataSource - HikariPool-1 - Start completed.
