2026-04-18 08:48:36.002 [background-preinit] INFO  org.hibernate.validator.internal.util.Version - HV000001: Hibernate Validator 8.0.3.Final
2026-04-18 08:48:36.022 [main] INFO  org.example.gateway.GatewayApplication - Starting GatewayApplication using Java 26 with PID 30624 (D:\workspace\spring-demo\gateway\target\classes started by liwt in D:\workspace\spring-demo\gateway)
2026-04-18 08:48:36.022 [main] INFO  org.example.gateway.GatewayApplication - No active profile set, falling back to 1 default profile: "default"
2026-04-18 08:48:36.252 [main] INFO  o.springframework.cloud.context.scope.GenericScope - BeanFactory id=f329603b-531f-32e5-b219-de2bd1a83a2c
2026-04-18 08:48:36.526 [main] INFO  o.s.c.gateway.route.RouteDefinitionRouteLocator - Loaded RoutePredicateFactory [After]
2026-04-18 08:48:36.526 [main] INFO  o.s.c.gateway.route.RouteDefinitionRouteLocator - Loaded RoutePredicateFactory [Before]
2026-04-18 08:48:36.527 [main] INFO  o.s.c.gateway.route.RouteDefinitionRouteLocator - Loaded RoutePredicateFactory [Between]
2026-04-18 08:48:36.527 [main] INFO  o.s.c.gateway.route.RouteDefinitionRouteLocator - Loaded RoutePredicateFactory [Cookie]
2026-04-18 08:48:36.527 [main] INFO  o.s.c.gateway.route.RouteDefinitionRouteLocator - Loaded RoutePredicateFactory [Header]
2026-04-18 08:48:36.527 [main] INFO  o.s.c.gateway.route.RouteDefinitionRouteLocator - Loaded RoutePredicateFactory [Host]
2026-04-18 08:48:36.527 [main] INFO  o.s.c.gateway.route.RouteDefinitionRouteLocator - Loaded RoutePredicateFactory [Method]
2026-04-18 08:48:36.527 [main] INFO  o.s.c.gateway.route.RouteDefinitionRouteLocator - Loaded RoutePredicateFactory [Path]
2026-04-18 08:48:36.527 [main] INFO  o.s.c.gateway.route.RouteDefinitionRouteLocator - Loaded RoutePredicateFactory [Query]
2026-04-18 08:48:36.527 [main] INFO  o.s.c.gateway.route.RouteDefinitionRouteLocator - Loaded RoutePredicateFactory [ReadBody]
2026-04-18 08:48:36.527 [main] INFO  o.s.c.gateway.route.RouteDefinitionRouteLocator - Loaded RoutePredicateFactory [RemoteAddr]
2026-04-18 08:48:36.527 [main] INFO  o.s.c.gateway.route.RouteDefinitionRouteLocator - Loaded RoutePredicateFactory [XForwardedRemoteAddr]
2026-04-18 08:48:36.527 [main] INFO  o.s.c.gateway.route.RouteDefinitionRouteLocator - Loaded RoutePredicateFactory [Weight]
2026-04-18 08:48:36.527 [main] INFO  o.s.c.gateway.route.RouteDefinitionRouteLocator - Loaded RoutePredicateFactory [CloudFoundryRouteService]
2026-04-18 08:48:36.685 [main] INFO  o.s.boot.web.embedded.netty.NettyWebServer - Netty started on port 8081 (http)
2026-04-18 08:48:36.703 [main] INFO  org.example.gateway.GatewayApplication - Started GatewayApplication in 0.838 seconds (process running for 1.119)
2026-04-18 08:48:36.707 [main] INFO  org.example.gateway.GatewayApplication - GateWay service started
2026-04-18 10:01:54.336 [SpringApplicationShutdownHook] INFO  o.s.boot.web.embedded.netty.GracefulShutdown - Commencing graceful shutdown. Waiting for active requests to complete
2026-04-18 10:01:54.337 [netty-shutdown] INFO  o.s.boot.web.embedded.netty.GracefulShutdown - Graceful shutdown complete
2026-04-18 10:03:41.477 [background-preinit] INFO  org.hibernate.validator.internal.util.Version - HV000001: Hibernate Validator 8.0.3.Final
2026-04-18 10:03:41.495 [main] INFO  org.example.gateway.GatewayApplication - Starting GatewayApplication using Java 26 with PID 12864 (D:\workspace\spring-demo\gateway\target\classes started by liwt in D:\workspace\spring-demo\gateway)
2026-04-18 10:03:41.495 [main] INFO  org.example.gateway.GatewayApplication - No active profile set, falling back to 1 default profile: "default"
2026-04-18 10:03:41.743 [main] INFO  o.springframework.cloud.context.scope.GenericScope - BeanFactory id=406235b6-0bb1-3995-8751-e005b3ac7861
2026-04-18 10:03:42.912 [main] INFO  org.springframework.cloud.commons.util.InetUtils - Cannot determine local hostname
2026-04-18 10:03:46.949 [main] INFO  org.springframework.cloud.commons.util.InetUtils - Cannot determine local hostname
2026-04-18 10:03:47.060 [main] INFO  o.s.c.gateway.route.RouteDefinitionRouteLocator - Loaded RoutePredicateFactory [After]
2026-04-18 10:03:47.060 [main] INFO  o.s.c.gateway.route.RouteDefinitionRouteLocator - Loaded RoutePredicateFactory [Before]
2026-04-18 10:03:47.060 [main] INFO  o.s.c.gateway.route.RouteDefinitionRouteLocator - Loaded RoutePredicateFactory [Between]
2026-04-18 10:03:47.060 [main] INFO  o.s.c.gateway.route.RouteDefinitionRouteLocator - Loaded RoutePredicateFactory [Cookie]
2026-04-18 10:03:47.060 [main] INFO  o.s.c.gateway.route.RouteDefinitionRouteLocator - Loaded RoutePredicateFactory [Header]
2026-04-18 10:03:47.060 [main] INFO  o.s.c.gateway.route.RouteDefinitionRouteLocator - Loaded RoutePredicateFactory [Host]
2026-04-18 10:03:47.060 [main] INFO  o.s.c.gateway.route.RouteDefinitionRouteLocator - Loaded RoutePredicateFactory [Method]
2026-04-18 10:03:47.060 [main] INFO  o.s.c.gateway.route.RouteDefinitionRouteLocator - Loaded RoutePredicateFactory [Path]
2026-04-18 10:03:47.060 [main] INFO  o.s.c.gateway.route.RouteDefinitionRouteLocator - Loaded RoutePredicateFactory [Query]
2026-04-18 10:03:47.060 [main] INFO  o.s.c.gateway.route.RouteDefinitionRouteLocator - Loaded RoutePredicateFactory [ReadBody]
2026-04-18 10:03:47.060 [main] INFO  o.s.c.gateway.route.RouteDefinitionRouteLocator - Loaded RoutePredicateFactory [RemoteAddr]
2026-04-18 10:03:47.060 [main] INFO  o.s.c.gateway.route.RouteDefinitionRouteLocator - Loaded RoutePredicateFactory [XForwardedRemoteAddr]
2026-04-18 10:03:47.060 [main] INFO  o.s.c.gateway.route.RouteDefinitionRouteLocator - Loaded RoutePredicateFactory [Weight]
2026-04-18 10:03:47.061 [main] INFO  o.s.c.gateway.route.RouteDefinitionRouteLocator - Loaded RoutePredicateFactory [CloudFoundryRouteService]
2026-04-18 10:03:48.110 [main] INFO  org.springframework.cloud.commons.util.InetUtils - Cannot determine local hostname
2026-04-18 10:03:48.121 [main] INFO  o.s.b.a.logging.ConditionEvaluationReportLogger - 

Error starting ApplicationContext. To display the condition evaluation report re-run your application with 'debug' enabled.
2026-04-18 10:05:29.022 [background-preinit] INFO  org.hibernate.validator.internal.util.Version - HV000001: Hibernate Validator 8.0.3.Final
2026-04-18 10:05:29.040 [main] INFO  org.example.gateway.GatewayApplication - Starting GatewayApplication using Java 26 with PID 19856 (D:\workspace\spring-demo\gateway\target\classes started by liwt in D:\workspace\spring-demo\gateway)
2026-04-18 10:05:29.041 [main] INFO  org.example.gateway.GatewayApplication - No active profile set, falling back to 1 default profile: "default"
2026-04-18 10:05:29.287 [main] INFO  o.springframework.cloud.context.scope.GenericScope - BeanFactory id=406235b6-0bb1-3995-8751-e005b3ac7861
2026-04-18 10:05:30.449 [main] INFO  org.springframework.cloud.commons.util.InetUtils - Cannot determine local hostname
2026-04-18 10:05:34.367 [main] INFO  org.springframework.cloud.commons.util.InetUtils - Cannot determine local hostname
2026-04-18 10:05:34.474 [main] INFO  o.s.c.gateway.route.RouteDefinitionRouteLocator - Loaded RoutePredicateFactory [After]
2026-04-18 10:05:34.475 [main] INFO  o.s.c.gateway.route.RouteDefinitionRouteLocator - Loaded RoutePredicateFactory [Before]
2026-04-18 10:05:34.476 [main] INFO  o.s.c.gateway.route.RouteDefinitionRouteLocator - Loaded RoutePredicateFactory [Between]
2026-04-18 10:05:34.476 [main] INFO  o.s.c.gateway.route.RouteDefinitionRouteLocator - Loaded RoutePredicateFactory [Cookie]
2026-04-18 10:05:34.476 [main] INFO  o.s.c.gateway.route.RouteDefinitionRouteLocator - Loaded RoutePredicateFactory [Header]
2026-04-18 10:05:34.476 [main] INFO  o.s.c.gateway.route.RouteDefinitionRouteLocator - Loaded RoutePredicateFactory [Host]
2026-04-18 10:05:34.476 [main] INFO  o.s.c.gateway.route.RouteDefinitionRouteLocator - Loaded RoutePredicateFactory [Method]
2026-04-18 10:05:34.476 [main] INFO  o.s.c.gateway.route.RouteDefinitionRouteLocator - Loaded RoutePredicateFactory [Path]
2026-04-18 10:05:34.476 [main] INFO  o.s.c.gateway.route.RouteDefinitionRouteLocator - Loaded RoutePredicateFactory [Query]
2026-04-18 10:05:34.476 [main] INFO  o.s.c.gateway.route.RouteDefinitionRouteLocator - Loaded RoutePredicateFactory [ReadBody]
2026-04-18 10:05:34.476 [main] INFO  o.s.c.gateway.route.RouteDefinitionRouteLocator - Loaded RoutePredicateFactory [RemoteAddr]
2026-04-18 10:05:34.476 [main] INFO  o.s.c.gateway.route.RouteDefinitionRouteLocator - Loaded RoutePredicateFactory [XForwardedRemoteAddr]
2026-04-18 10:05:34.476 [main] INFO  o.s.c.gateway.route.RouteDefinitionRouteLocator - Loaded RoutePredicateFactory [Weight]
2026-04-18 10:05:34.477 [main] INFO  o.s.c.gateway.route.RouteDefinitionRouteLocator - Loaded RoutePredicateFactory [CloudFoundryRouteService]
2026-04-18 10:05:35.527 [main] INFO  org.springframework.cloud.commons.util.InetUtils - Cannot determine local hostname
2026-04-18 10:05:35.632 [main] INFO  o.s.boot.web.embedded.netty.NettyWebServer - Netty started on port 8081 (http)
2026-04-18 10:05:36.637 [main] INFO  org.springframework.cloud.commons.util.InetUtils - Cannot determine local hostname
2026-04-18 10:05:37.644 [main] INFO  org.springframework.cloud.commons.util.InetUtils - Cannot determine local hostname
2026-04-18 10:05:37.650 [Thread-7] INFO  c.a.n.client.auth.ram.identify.CredentialWatcher - null No credential found
2026-04-18 10:05:37.651 [main] INFO  com.alibaba.nacos.client.logging.NacosLogging - Nacos Logging Adapter Builder: com.alibaba.nacos.logger.adapter.logback14.LogbackNacosLoggingAdapterBuilder
2026-04-18 10:05:37.651 [main] INFO  com.alibaba.nacos.client.logging.NacosLogging - Nacos Logging Adapter: com.alibaba.nacos.logger.adapter.logback14.LogbackNacosLoggingAdapter match ch.qos.logback.classic.Logger success.
2026-04-18 10:05:37.651 [main] INFO  com.alibaba.nacos.client.logging.NacosLogging - Nacos Logging Adapter Builder: com.alibaba.nacos.logger.adapter.log4j2.Log4j2NacosLoggingAdapterBuilder
2026-04-18 10:05:37.676 [main] INFO  c.a.n.p.auth.spi.client.ClientAuthPluginManager - [ClientAuthPluginManager] Load ClientAuthService com.alibaba.nacos.client.auth.impl.NacosClientAuthServiceImpl success.
2026-04-18 10:05:37.676 [main] INFO  c.a.n.p.auth.spi.client.ClientAuthPluginManager - [ClientAuthPluginManager] Load ClientAuthService com.alibaba.nacos.client.auth.ram.RamClientAuthServiceImpl success.
2026-04-18 10:05:38.033 [main] INFO  c.a.n.common.ability.AbstractAbilityControlManager - Ready to get current node abilities...
2026-04-18 10:05:38.034 [main] INFO  c.a.n.common.ability.AbstractAbilityControlManager - Ready to initialize current node abilities, support modes: [SDK_CLIENT]
2026-04-18 10:05:38.034 [main] INFO  c.a.n.common.ability.AbstractAbilityControlManager - Initialize current abilities finish...
2026-04-18 10:05:38.035 [main] INFO  c.a.n.c.ability.discover.NacosAbilityManagerHolder - [AbilityControlManager] Successfully initialize AbilityControlManager
2026-04-18 10:05:38.139 [main] INFO  c.a.cloud.nacos.registry.NacosServiceRegistry - nacos registry, DEFAULT_GROUP gateway-service 192.168.1.3:8081 register finished
2026-04-18 10:05:38.156 [main] INFO  org.example.gateway.GatewayApplication - Started GatewayApplication in 10.273 seconds (process running for 10.564)
2026-04-18 10:05:38.158 [main] INFO  org.example.gateway.GatewayApplication - GateWay service started
2026-04-18 10:13:46.092 [Thread-19] INFO  c.alibaba.nacos.common.http.HttpClientBeanHolder - [HttpClientBeanHolder] Start destroying common HttpClient
2026-04-18 10:13:46.092 [Thread-9] INFO  c.alibaba.nacos.common.executor.ThreadPoolManager - [ThreadPoolManager] Start destroying ThreadPool
2026-04-18 10:13:46.092 [Thread-15] INFO  com.alibaba.nacos.common.notify.NotifyCenter - [NotifyCenter] Start destroying Publisher
2026-04-18 10:13:46.093 [Thread-15] INFO  com.alibaba.nacos.common.notify.NotifyCenter - [NotifyCenter] Completed destruction of Publisher
2026-04-18 10:13:46.093 [Thread-9] INFO  c.alibaba.nacos.common.executor.ThreadPoolManager - [ThreadPoolManager] Completed destruction of ThreadPool
2026-04-18 10:13:46.093 [Thread-19] INFO  c.alibaba.nacos.common.http.HttpClientBeanHolder - [HttpClientBeanHolder] Completed destruction of HttpClient
2026-04-18 10:13:46.093 [SpringApplicationShutdownHook] INFO  c.a.cloud.nacos.registry.NacosServiceRegistry - De-registering from Nacos Server now...
2026-04-18 10:13:46.101 [SpringApplicationShutdownHook] INFO  c.a.cloud.nacos.registry.NacosServiceRegistry - De-registration finished.
2026-04-18 10:13:46.104 [SpringApplicationShutdownHook] INFO  o.s.boot.web.embedded.netty.GracefulShutdown - Commencing graceful shutdown. Waiting for active requests to complete
2026-04-18 10:13:46.105 [netty-shutdown] INFO  o.s.boot.web.embedded.netty.GracefulShutdown - Graceful shutdown complete
